#
# A fatal error has been detected by the Java Runtime Environment:
#
#  EXCEPTION_ACCESS_VIOLATION (0xc0000005) at pc=0x00007ff9cb57c85b, pid=11384, tid=7256
#
# JRE version: OpenJDK Runtime Environment Temurin-17.0.7+7 (17.0.7+7) (build 17.0.7+7)
# Java VM: OpenJDK 64-Bit Server VM Temurin-17.0.7+7 (17.0.7+7, mixed mode, tiered, compressed oops, compressed class ptrs, parallel gc, windows-amd64)
# Problematic frame:
# V  [jvm.dll+0x69c85b]
#
# No core dump will be written. Minidumps are not enabled by default on client versions of Windows
#
# If you would like to submit a bug report, please visit:
#   https://github.com/adoptium/adoptium-support/issues
#

---------------  S U M M A R Y ------------

Command Line: --add-modules=ALL-SYSTEM --add-opens=java.base/java.util=ALL-UNNAMED --add-opens=java.base/java.lang=ALL-UNNAMED --add-opens=java.base/sun.nio.fs=ALL-UNNAMED -Declipse.application=org.eclipse.jdt.ls.core.id1 -Dosgi.bundles.defaultStartLevel=4 -Declipse.product=org.eclipse.jdt.ls.core.product -Djava.import.generatesMetadataFilesAtProjectRoot=false -Dfile.encoding=utf8 -XX:+UseParallelGC -XX:GCTimeRatio=4 -XX:AdaptiveSizePolicyWeight=90 -Dsun.zip.disableMemoryMapping=true -Xmx1G -Xms100m -Xlog:disable -javaagent:c:\Users\shrey\.vscode\extensions\redhat.java-1.18.0-win32-x64\lombok\lombok-1.18.27.jar -XX:+HeapDumpOnOutOfMemoryError -XX:HeapDumpPath=c:\Users\shrey\AppData\Roaming\Code\User\workspaceStorage\f36a87aaac524792c750edfad0862b37\redhat.java -Daether.dependencyCollector.impl=bf c:\Users\shrey\.vscode\extensions\redhat.java-1.18.0-win32-x64\server\plugins\org.eclipse.equinox.launcher_1.6.400.v20210924-0641.jar -configuration c:\Users\shrey\AppData\Roaming\Code\User\globalStorage\redhat.java\1.18.0\config_win -data c:\Users\shrey\AppData\Roaming\Code\User\workspaceStorage\f36a87aaac524792c750edfad0862b37\redhat.java\jdt_ws

Host: Intel(R) Core(TM) i7-5500U CPU @ 2.40GHz, 4 cores, 15G,  Windows 10 , 64 bit Build 19041 (10.0.19041.2913)
Time: Thu May 18 11:55:19 2023 India Standard Time elapsed time: 2606.121850 seconds (0d 0h 43m 26s)

---------------  T H R E A D  ---------------

Current thread (0x000001ca56b04e70):  JavaThread "C2 CompilerThread0" daemon [_thread_in_native, id=7256, stack(0x00000037c7b00000,0x00000037c7c00000)]


Current CompileTask:
C2:2606122 19529       4       org.eclipse.jdt.internal.compiler.ast.MessageSend::resolveType (2163 bytes)

Stack: [0x00000037c7b00000,0x00000037c7c00000],  sp=0x00000037c7bfb610,  free space=1005k
Native frames: (J=compiled Java code, j=interpreted, Vv=VM code, C=native code)
V  [jvm.dll+0x69c85b]
V  [jvm.dll+0x69e900]
V  [jvm.dll+0x69cb41]
V  [jvm.dll+0x342c14]
V  [jvm.dll+0x59c215]
V  [jvm.dll+0x59bc6a]
V  [jvm.dll+0x21b5da]
V  [jvm.dll+0x21895b]
V  [jvm.dll+0x1a4d8d]
V  [jvm.dll+0x2284da]
V  [jvm.dll+0x226615]
V  [jvm.dll+0x7ea90b]
V  [jvm.dll+0x7e4e7a]
V  [jvm.dll+0x676395]
C  [ucrtbase.dll+0x21bb2]
C  [KERNEL32.DLL+0x17614]
C  [ntdll.dll+0x526a1]


siginfo: EXCEPTION_ACCESS_VIOLATION (0xc0000005), reading address 0xffffffffffffffff


Register to memory mapping:

RIP=0x00007ff9cb57c85b jvm.dll
RAX=0x00007ff9cb85deb0 jvm.dll
RBX=0x0000000000000078 is an unknown value
RCX=0x000001ca688ce698 points into unknown readable memory: 0x00007ff9cb81deb0 | b0 de 81 cb f9 7f 00 00
RDX=0x0000000000000014 is an unknown value
RSP=0x00000037c7bfb610 is pointing into the stack for thread: 0x000001ca56b04e70
RBP=0x0000000000000001 is an unknown value
RSI=0x00000037c7bfc378 is pointing into the stack for thread: 0x000001ca56b04e70
RDI=0x000001ca688ce698 points into unknown readable memory: 0x00007ff9cb81deb0 | b0 de 81 cb f9 7f 00 00
R8 =0x0000000000000008 is an unknown value
R9 =0x00007ff9fd24186c VCRUNTIME140.dll
R10=0x0000000000000003 is an unknown value
R11=0x000001ca5c4bd7c8 points into unknown readable memory: 0x000001ca5c600bc0 | c0 0b 60 5c ca 01 00 00
R12=0x0 is NULL
R13=0x0000000000000bed is an unknown value
R14=0x0000000000000bec is an unknown value
R15=0x000001ca5c4bd788 points into unknown readable memory: 0x00007ff9cb81deb0 | b0 de 81 cb f9 7f 00 00


Registers:
RAX=0x00007ff9cb85deb0, RBX=0x0000000000000078, RCX=0x000001ca688ce698, RDX=0x0000000000000014
RSP=0x00000037c7bfb610, RBP=0x0000000000000001, RSI=0x00000037c7bfc378, RDI=0x000001ca688ce698
R8 =0x0000000000000008, R9 =0x00007ff9fd24186c, R10=0x0000000000000003, R11=0x000001ca5c4bd7c8
R12=0x0000000000000000, R13=0x0000000000000bed, R14=0x0000000000000bec, R15=0x000001ca5c4bd788
RIP=0x00007ff9cb57c85b, EFLAGS=0x0000000000010246

Top of Stack: (sp=0x00000037c7bfb610)
0x00000037c7bfb610:   000001ca5d5f4de0 000001ca5c108d80
0x00000037c7bfb620:   000001ca5c4bd788 00007ff9cb11abee
0x00000037c7bfb630:   00000037c7bfb7d0 00007ff9cb7f1600
0x00000037c7bfb640:   0000000000000000 000001ca5d9a53f0
0x00000037c7bfb650:   00000037c7bfb9f0 00007ff9cb57e900
0x00000037c7bfb660:   000001ca5c4bd788 00007ff900000078
0x00000037c7bfb670:   000001ca685d2e30 00000037c7bfb9f0
0x00000037c7bfb680:   0000000000000014 00007ff9cb57cb41
0x00000037c7bfb690:   00007ff9cb88e328 000000000000001c
0x00000037c7bfb6a0:   00000037c7bfb9f0 000001ca5c4bd6e0
0x00000037c7bfb6b0:   00000037c7bfb9f0 00007ff9cb222c14
0x00000037c7bfb6c0:   000001ca5c4bd750 00000037c7bfe9b0
0x00000037c7bfb6d0:   0000000000000000 00000037c7bfb9f0
0x00000037c7bfb6e0:   000001ca688ca4b8 00000037c7bfb9f0
0x00000037c7bfb6f0:   000001ca5c4bd6e0 00007ff9cb4f7c25
0x00000037c7bfb700:   00000037c7bfb860 000001ca5d675048 

Instructions: (pc=0x00007ff9cb57c85b)
0x00007ff9cb57c75b:   08 4d 8b 4e 08 48 8d 14 c5 00 00 00 00 4a 8b 0c
0x00007ff9cb57c76b:   02 4a 39 0c 0a 75 16 ff c0 3b c7 72 e8 49 8b 06
0x00007ff9cb57c77b:   48 8b d3 49 8b ce ff 50 60 84 c0 75 38 8b 45 08
0x00007ff9cb57c78b:   41 03 f7 ff c8 23 f0 48 8b 45 18 48 8b 1c f0 48
0x00007ff9cb57c79b:   85 db 75 a1 33 c0 48 8b 5c 24 40 48 8b 6c 24 48
0x00007ff9cb57c7ab:   48 8b 74 24 50 48 8b 7c 24 58 48 83 c4 20 41 5f
0x00007ff9cb57c7bb:   41 5e 41 5c c3 48 8b c3 eb dc cc cc cc cc cc cc
0x00007ff9cb57c7cb:   cc cc cc cc cc 48 89 5c 24 08 48 89 6c 24 18 48
0x00007ff9cb57c7db:   89 74 24 20 57 41 54 41 55 41 56 41 57 48 83 ec
0x00007ff9cb57c7eb:   20 48 8b 02 48 8b f1 48 8b ca 4c 8b fa ff 50 58
0x00007ff9cb57c7fb:   85 c0 0f 84 e0 00 00 00 44 8b 76 08 41 ff ce 44
0x00007ff9cb57c80b:   23 f0 48 8b 46 18 45 8b ee 41 83 cd 01 4a 8b 3c
0x00007ff9cb57c81b:   f0 48 85 ff 75 09 4e 89 3c f0 e9 a6 00 00 00 49
0x00007ff9cb57c82b:   8b 07 49 8b cf 48 8b 5e 20 ff 10 41 8b 6f 18 45
0x00007ff9cb57c83b:   8b e6 89 44 24 58 33 c0 48 3b fb 8b 5c 24 58 44
0x00007ff9cb57c84b:   0f 45 e0 66 90 39 6f 18 75 43 48 8b 07 48 8b cf
0x00007ff9cb57c85b:   ff 10 3b c3 75 37 33 c0 85 ed 74 21 4c 8b 47 08
0x00007ff9cb57c86b:   4d 8b 4f 08 90 48 8d 14 c5 00 00 00 00 4a 8b 0c
0x00007ff9cb57c87b:   02 4a 39 0c 0a 75 16 ff c0 3b c5 72 e8 49 8b 07
0x00007ff9cb57c88b:   48 8b d7 49 8b cf ff 50 60 84 c0 75 28 8b 46 08
0x00007ff9cb57c89b:   45 03 f5 48 8b 4e 18 ff c8 44 23 f0 4a 8b 3c f1
0x00007ff9cb57c8ab:   48 85 ff 74 15 45 85 e4 75 9b 48 3b 7e 20 75 95
0x00007ff9cb57c8bb:   45 8b e6 eb 90 48 8b c7 eb 20 45 85 e4 45 0f 44
0x00007ff9cb57c8cb:   e6 4e 89 3c e1 ff 46 0c 8b 46 0c 3b 46 10 75 08
0x00007ff9cb57c8db:   48 8b ce e8 4d fb ff ff 33 c0 48 8b 5c 24 50 48
0x00007ff9cb57c8eb:   8b 6c 24 60 48 8b 74 24 68 48 83 c4 20 41 5f 41
0x00007ff9cb57c8fb:   5e 41 5d 41 5c 5f c3 cc cc cc cc cc cc cc cc cc
0x00007ff9cb57c90b:   cc cc cc cc cc 48 89 5c 24 08 48 89 74 24 10 57
0x00007ff9cb57c91b:   48 83 ec 20 48 8b 02 48 8b d9 48 8b ca 48 8b fa
0x00007ff9cb57c92b:   ff 50 58 8b f0 85 c0 74 54 ff 43 0c 44 8b 43 0c
0x00007ff9cb57c93b:   44 3b 43 10 75 08 48 8b cb e8 e7 fa ff ff 44 8b
0x00007ff9cb57c94b:   5b 08 4c 8b 43 18 41 ff cb 41 8b c3 23 c6 44 8b 


Stack slot to memory mapping:
stack at sp + 0 slots: 0x000001ca5d5f4de0 points into unknown readable memory: 0x00007ff9cb8a9988 | 88 99 8a cb f9 7f 00 00
stack at sp + 1 slots: 0x000001ca5c108d80 points into unknown readable memory: 0x00000037c7bfecc0 | c0 ec bf c7 37 00 00 00
stack at sp + 2 slots: 0x000001ca5c4bd788 points into unknown readable memory: 0x00007ff9cb81deb0 | b0 de 81 cb f9 7f 00 00
stack at sp + 3 slots: 0x00007ff9cb11abee jvm.dll
stack at sp + 4 slots: 0x00000037c7bfb7d0 is pointing into the stack for thread: 0x000001ca56b04e70
stack at sp + 5 slots: 0x00007ff9cb7f1600 jvm.dll
stack at sp + 6 slots: 0x0 is NULL
stack at sp + 7 slots: 0x000001ca5d9a53f0 points into unknown readable memory: 0x00007ff9cb8228e8 | e8 28 82 cb f9 7f 00 00


---------------  P R O C E S S  ---------------

Threads class SMR info:
_java_thread_list=0x000001ca68363f90, length=29, elements={
0x000001ca42caeda0, 0x000001ca56ad4750, 0x000001ca56ad6760, 0x000001ca56afe280,
0x000001ca56aff0f0, 0x000001ca56afff60, 0x000001ca56b01c80, 0x000001ca56b04e70,
0x000001ca5bce9710, 0x000001ca5bcea4b0, 0x000001ca5bda4060, 0x000001ca5bf05e20,
0x000001ca5c64a1e0, 0x000001ca5c5464a0, 0x000001ca5c546970, 0x000001ca5c672eb0,
0x000001ca5c8b96c0, 0x000001ca5cb9a540, 0x000001ca5cb9c220, 0x000001ca5cb9da30,
0x000001ca5cb9cbc0, 0x000001ca5edb7d40, 0x000001ca681e9010, 0x000001ca681e5ff0,
0x000001ca681ea820, 0x000001ca5edb86e0, 0x000001ca5edb8bb0, 0x000001ca5cb9c6f0,
0x000001ca5edb9a20
}

Java Threads: ( => current thread )
  0x000001ca42caeda0 JavaThread "main" [_thread_blocked, id=3256, stack(0x00000037c7200000,0x00000037c7300000)]
  0x000001ca56ad4750 JavaThread "Reference Handler" daemon [_thread_blocked, id=8276, stack(0x00000037c7500000,0x00000037c7600000)]
  0x000001ca56ad6760 JavaThread "Finalizer" daemon [_thread_blocked, id=4872, stack(0x00000037c7600000,0x00000037c7700000)]
  0x000001ca56afe280 JavaThread "Signal Dispatcher" daemon [_thread_blocked, id=1572, stack(0x00000037c7700000,0x00000037c7800000)]
  0x000001ca56aff0f0 JavaThread "Attach Listener" daemon [_thread_blocked, id=1704, stack(0x00000037c7800000,0x00000037c7900000)]
  0x000001ca56afff60 JavaThread "Service Thread" daemon [_thread_blocked, id=8944, stack(0x00000037c7900000,0x00000037c7a00000)]
  0x000001ca56b01c80 JavaThread "Monitor Deflation Thread" daemon [_thread_blocked, id=8560, stack(0x00000037c7a00000,0x00000037c7b00000)]
=>0x000001ca56b04e70 JavaThread "C2 CompilerThread0" daemon [_thread_in_native, id=7256, stack(0x00000037c7b00000,0x00000037c7c00000)]
  0x000001ca5bce9710 JavaThread "C1 CompilerThread0" daemon [_thread_blocked, id=7380, stack(0x00000037c7c00000,0x00000037c7d00000)]
  0x000001ca5bcea4b0 JavaThread "Sweeper thread" daemon [_thread_blocked, id=13608, stack(0x00000037c7d00000,0x00000037c7e00000)]
  0x000001ca5bda4060 JavaThread "Common-Cleaner" daemon [_thread_blocked, id=7888, stack(0x00000037c7e00000,0x00000037c7f00000)]
  0x000001ca5bf05e20 JavaThread "Notification Thread" daemon [_thread_blocked, id=12424, stack(0x00000037c7f00000,0x00000037c8000000)]
  0x000001ca5c64a1e0 JavaThread "Active Thread: Equinox Container: 7bf728bb-aac5-4aaf-9a8a-86a0ab44395d" [_thread_blocked, id=8500, stack(0x00000037c8400000,0x00000037c8500000)]
  0x000001ca5c5464a0 JavaThread "Framework Event Dispatcher: Equinox Container: 7bf728bb-aac5-4aaf-9a8a-86a0ab44395d" daemon [_thread_blocked, id=9048, stack(0x00000037c8500000,0x00000037c8600000)]
  0x000001ca5c546970 JavaThread "Start Level: Equinox Container: 7bf728bb-aac5-4aaf-9a8a-86a0ab44395d" daemon [_thread_blocked, id=356, stack(0x00000037c8600000,0x00000037c8700000)]
  0x000001ca5c672eb0 JavaThread "SCR Component Actor" daemon [_thread_blocked, id=8788, stack(0x00000037c8700000,0x00000037c8800000)]
  0x000001ca5c8b96c0 JavaThread "Worker-JM" [_thread_blocked, id=8088, stack(0x00000037c8900000,0x00000037c8a00000)]
  0x000001ca5cb9a540 JavaThread "Java indexing" daemon [_thread_blocked, id=6948, stack(0x00000037c8800000,0x00000037c8900000)]
  0x000001ca5cb9c220 JavaThread "JNA Cleaner" daemon [_thread_blocked, id=7816, stack(0x00000037c9000000,0x00000037c9100000)]
  0x000001ca5cb9da30 JavaThread "pool-2-thread-1" [_thread_blocked, id=3192, stack(0x00000037c9300000,0x00000037c9400000)]
  0x000001ca5cb9cbc0 JavaThread "pool-1-thread-1" [_thread_in_native, id=1800, stack(0x00000037c8e00000,0x00000037c8f00000)]
  0x000001ca5edb7d40 JavaThread "Bundle File Closer" daemon [_thread_blocked, id=9952, stack(0x00000037c9900000,0x00000037c9a00000)]
  0x000001ca681e9010 JavaThread "ForkJoinPool.commonPool-worker-7" daemon [_thread_blocked, id=3332, stack(0x00000037c7000000,0x00000037c7100000)]
  0x000001ca681e5ff0 JavaThread "ForkJoinPool.commonPool-worker-10" daemon [_thread_blocked, id=7784, stack(0x00000037c8c00000,0x00000037c8d00000)]
  0x000001ca681ea820 JavaThread "Worker-10" [_thread_blocked, id=600, stack(0x00000037c8a00000,0x00000037c8b00000)]
  0x000001ca5edb86e0 JavaThread "ForkJoinPool.commonPool-worker-12" daemon [_thread_blocked, id=3528, stack(0x00000037c7100000,0x00000037c7200000)]
  0x000001ca5edb8bb0 JavaThread "Worker-11" [_thread_blocked, id=1072, stack(0x00000037c8d00000,0x00000037c8e00000)]
  0x000001ca5cb9c6f0 JavaThread "ForkJoinPool.commonPool-worker-13" daemon [_thread_blocked, id=8916, stack(0x00000037c8f00000,0x00000037c9000000)]
  0x000001ca5edb9a20 JavaThread "Worker-13" [_thread_blocked, id=8484, stack(0x00000037c9200000,0x00000037c9300000)]

Other Threads:
  0x000001ca56a0b550 VMThread "VM Thread" [stack: 0x00000037c7400000,0x00000037c7500000] [id=1760]
  0x000001ca5bf621d0 WatcherThread [stack: 0x00000037c8000000,0x00000037c8100000] [id=708]
  0x000001ca42cc5d90 GCTaskThread "GC Thread#0" [stack: 0x00000037c7300000,0x00000037c7400000] [id=10428]
  0x000001ca5c4f9d40 GCTaskThread "GC Thread#1" [stack: 0x00000037c8100000,0x00000037c8200000] [id=3368]
  0x000001ca5c170b40 GCTaskThread "GC Thread#2" [stack: 0x00000037c8200000,0x00000037c8300000] [id=13704]
  0x000001ca5c170df0 GCTaskThread "GC Thread#3" [stack: 0x00000037c8300000,0x00000037c8400000] [id=13356]

Threads with active compile tasks:
C2 CompilerThread0  2606335 19529       4       org.eclipse.jdt.internal.compiler.ast.MessageSend::resolveType (2163 bytes)

VM state: not at safepoint (normal execution)

VM Mutex/Monitor currently owned by a thread: None

Heap address: 0x00000000c0000000, size: 1024 MB, Compressed Oops mode: 32-bit

CDS archive(s) not mapped
Compressed class space mapped at: 0x0000000100000000-0x0000000140000000, reserved size: 1073741824
Narrow klass base: 0x0000000000000000, Narrow klass shift: 3, Narrow klass range: 0x140000000

GC Precious Log:
 CPUs: 4 total, 4 available
 Memory: 16253M
 Large Page Support: Disabled
 NUMA Support: Disabled
 Compressed Oops: Enabled (32-bit)
 Alignments: Space 512K, Generation 512K, Heap 2M
 Heap Min Capacity: 100M
 Heap Initial Capacity: 100M
 Heap Max Capacity: 1G
 Pre-touch: Disabled
 Parallel Workers: 4

Heap:
 PSYoungGen      total 2560K, used 1563K [0x00000000eab00000, 0x00000000eae80000, 0x0000000100000000)
  eden space 2048K, 54% used [0x00000000eab00000,0x00000000eac16f60,0x00000000ead00000)
  from space 512K, 87% used [0x00000000eae00000,0x00000000eae70000,0x00000000eae80000)
  to   space 512K, 0% used [0x00000000ead80000,0x00000000ead80000,0x00000000eae00000)
 ParOldGen       total 133120K, used 98117K [0x00000000c0000000, 0x00000000c8200000, 0x00000000eab00000)
  object space 133120K, 73% used [0x00000000c0000000,0x00000000c5fd17e8,0x00000000c8200000)
 Metaspace       used 84045K, committed 85056K, reserved 1179648K
  class space    used 8515K, committed 8960K, reserved 1048576K

Card table byte_map: [0x000001ca42690000,0x000001ca428a0000] _byte_map_base: 0x000001ca42090000

Marking Bits: (ParMarkBitMap*) 0x00007ff9cba652c0
 Begin Bits: [0x000001ca54940000, 0x000001ca55940000)
 End Bits:   [0x000001ca55940000, 0x000001ca56940000)

Polling page: 0x000001ca42480000

Metaspace:

Usage:
  Non-class:     73.76 MB used.
      Class:      8.32 MB used.
       Both:     82.08 MB used.

Virtual space:
  Non-class space:      128.00 MB reserved,      74.31 MB ( 58%) committed,  2 nodes.
      Class space:        1.00 GB reserved,       8.75 MB ( <1%) committed,  1 nodes.
             Both:        1.12 GB reserved,      83.06 MB (  7%) committed. 

Chunk freelists:
   Non-Class:  5.02 MB
       Class:  7.16 MB
        Both:  12.17 MB

MaxMetaspaceSize: unlimited
CompressedClassSpaceSize: 1.00 GB
Initial GC threshold: 21.00 MB
Current GC threshold: 138.44 MB
CDS: off
MetaspaceReclaimPolicy: balanced
 - commit_granule_bytes: 65536.
 - commit_granule_words: 8192.
 - virtual_space_node_default_size: 8388608.
 - enlarge_chunks_in_place: 1.
 - new_chunks_are_fully_committed: 0.
 - uncommit_free_chunks: 1.
 - use_allocation_guard: 0.
 - handle_deallocations: 1.


Internal statistics:

num_allocs_failed_limit: 9.
num_arena_births: 638.
num_arena_deaths: 106.
num_vsnodes_births: 3.
num_vsnodes_deaths: 0.
num_space_committed: 1329.
num_space_uncommitted: 0.
num_chunks_returned_to_freelist: 139.
num_chunks_taken_from_freelist: 4096.
num_chunk_merges: 43.
num_chunk_splits: 2493.
num_chunks_enlarged: 1420.
num_inconsistent_stats: 0.

CodeHeap 'non-profiled nmethods': size=120000Kb used=15077Kb max_used=16224Kb free=104922Kb
 bounds [0x000001ca4d410000, 0x000001ca4e450000, 0x000001ca54940000]
CodeHeap 'profiled nmethods': size=120000Kb used=30901Kb max_used=31228Kb free=89098Kb
 bounds [0x000001ca45940000, 0x000001ca477d0000, 0x000001ca4ce70000]
CodeHeap 'non-nmethods': size=5760Kb used=1405Kb max_used=1505Kb free=4355Kb
 bounds [0x000001ca4ce70000, 0x000001ca4d0e0000, 0x000001ca4d410000]
 total_blobs=14667 nmethods=13916 adapters=660
 compilation: enabled
              stopped_count=0, restarted_count=0
 full_count=0

Compilation events (20 events):
Event: 2604.702 Thread 0x000001ca56b04e70 nmethod 19519 0x000001ca4d878610 code [0x000001ca4d8787a0, 0x000001ca4d878a98]
Event: 2604.926 Thread 0x000001ca5bce9710 19520       3       org.eclipse.jdt.internal.compiler.lookup.InferenceContext18::getParameter (37 bytes)
Event: 2604.926 Thread 0x000001ca56b04e70 19521       4       org.eclipse.jdt.internal.compiler.ast.ASTNode::resolvePolyExpressionArguments (459 bytes)
Event: 2604.926 Thread 0x000001ca5bce9710 nmethod 19520 0x000001ca45de9310 code [0x000001ca45de94e0, 0x000001ca45de9848]
Event: 2604.927 Thread 0x000001ca5bce9710 19522       1       org.eclipse.jdt.internal.compiler.ast.AllocationExpression::genericTypeArguments (5 bytes)
Event: 2604.927 Thread 0x000001ca5bce9710 nmethod 19522 0x000001ca4dfe9190 code [0x000001ca4dfe9320, 0x000001ca4dfe93f8]
Event: 2604.943 Thread 0x000001ca56b04e70 nmethod 19521 0x000001ca4d73cc10 code [0x000001ca4d73ce20, 0x000001ca4d73d720]
Event: 2604.943 Thread 0x000001ca56b04e70 19523  s    4       org.eclipse.core.internal.watson.ElementTree::immutable (36 bytes)
Event: 2605.000 Thread 0x000001ca56b04e70 nmethod 19523 0x000001ca4de0f110 code [0x000001ca4de0f420, 0x000001ca4de10bb8]
Event: 2605.204 Thread 0x000001ca56b04e70 19524       4       org.eclipse.jdt.core.dom.ASTConverter::checkAndAddMultipleLocalDeclaration (127 bytes)
Event: 2605.216 Thread 0x000001ca5bce9710 19525       3       org.eclipse.core.internal.resources.mapping.ChangeDescription::ensureResourceCovered (66 bytes)
Event: 2605.217 Thread 0x000001ca5bce9710 nmethod 19525 0x000001ca46b8e110 code [0x000001ca46b8e320, 0x000001ca46b8eb88]
Event: 2605.319 Thread 0x000001ca56b04e70 nmethod 19524 0x000001ca4e2dd590 code [0x000001ca4e2ddba0, 0x000001ca4e2e1ef0]
Event: 2605.319 Thread 0x000001ca56b04e70 19527       4       org.eclipse.jdt.core.dom.VariableBinding::getName (30 bytes)
Event: 2605.323 Thread 0x000001ca56b04e70 nmethod 19527 0x000001ca4ddb1e90 code [0x000001ca4ddb2020, 0x000001ca4ddb2498]
Event: 2605.323 Thread 0x000001ca56b04e70 19526       4       org.eclipse.jdt.internal.corext.dom.HierarchicalASTVisitor::visit (6 bytes)
Event: 2605.325 Thread 0x000001ca56b04e70 nmethod 19526 0x000001ca4e2dd190 code [0x000001ca4e2dd320, 0x000001ca4e2dd418]
Event: 2605.668 Thread 0x000001ca5bce9710 19528       3       org.eclipse.jdt.internal.compiler.parser.RecoveredBlock::updatedBlock (570 bytes)
Event: 2605.670 Thread 0x000001ca5bce9710 nmethod 19528 0x000001ca46ce6f90 code [0x000001ca46ce72c0, 0x000001ca46ce9478]
Event: 2606.033 Thread 0x000001ca56b04e70 19529       4       org.eclipse.jdt.internal.compiler.ast.MessageSend::resolveType (2163 bytes)

GC Heap History (20 events):
Event: 2604.924 GC heap before
{Heap before GC invocations=1534 (full 26):
 PSYoungGen      total 2560K, used 2511K [0x00000000eab00000, 0x00000000eaf80000, 0x0000000100000000)
  eden space 2048K, 99% used [0x00000000eab00000,0x00000000eacfffe8,0x00000000ead00000)
  from space 512K, 90% used [0x00000000eaf00000,0x00000000eaf74010,0x00000000eaf80000)
  to   space 1024K, 0% used [0x00000000ead80000,0x00000000ead80000,0x00000000eae80000)
 ParOldGen       total 133120K, used 93812K [0x00000000c0000000, 0x00000000c8200000, 0x00000000eab00000)
  object space 133120K, 70% used [0x00000000c0000000,0x00000000c5b9d3c8,0x00000000c8200000)
 Metaspace       used 84045K, committed 85056K, reserved 1179648K
  class space    used 8515K, committed 8960K, reserved 1048576K
}
Event: 2604.925 GC heap after
{Heap after GC invocations=1534 (full 26):
 PSYoungGen      total 3072K, used 498K [0x00000000eab00000, 0x00000000eaf80000, 0x0000000100000000)
  eden space 2048K, 0% used [0x00000000eab00000,0x00000000eab00000,0x00000000ead00000)
  from space 1024K, 48% used [0x00000000ead80000,0x00000000eadfc810,0x00000000eae80000)
  to   space 1024K, 0% used [0x00000000eae80000,0x00000000eae80000,0x00000000eaf80000)
 ParOldGen       total 133120K, used 94252K [0x00000000c0000000, 0x00000000c8200000, 0x00000000eab00000)
  object space 133120K, 70% used [0x00000000c0000000,0x00000000c5c0b3e8,0x00000000c8200000)
 Metaspace       used 84045K, committed 85056K, reserved 1179648K
  class space    used 8515K, committed 8960K, reserved 1048576K
}
Event: 2604.938 GC heap before
{Heap before GC invocations=1535 (full 26):
 PSYoungGen      total 3072K, used 2545K [0x00000000eab00000, 0x00000000eaf80000, 0x0000000100000000)
  eden space 2048K, 99% used [0x00000000eab00000,0x00000000eacfff80,0x00000000ead00000)
  from space 1024K, 48% used [0x00000000ead80000,0x00000000eadfc810,0x00000000eae80000)
  to   space 1024K, 0% used [0x00000000eae80000,0x00000000eae80000,0x00000000eaf80000)
 ParOldGen       total 133120K, used 94252K [0x00000000c0000000, 0x00000000c8200000, 0x00000000eab00000)
  object space 133120K, 70% used [0x00000000c0000000,0x00000000c5c0b3e8,0x00000000c8200000)
 Metaspace       used 84045K, committed 85056K, reserved 1179648K
  class space    used 8515K, committed 8960K, reserved 1048576K
}
Event: 2604.940 GC heap after
{Heap after GC invocations=1535 (full 26):
 PSYoungGen      total 2560K, used 160K [0x00000000eab00000, 0x00000000eaf00000, 0x0000000100000000)
  eden space 2048K, 0% used [0x00000000eab00000,0x00000000eab00000,0x00000000ead00000)
  from space 512K, 31% used [0x00000000eae80000,0x00000000eaea8000,0x00000000eaf00000)
  to   space 512K, 0% used [0x00000000eae00000,0x00000000eae00000,0x00000000eae80000)
 ParOldGen       total 133120K, used 94693K [0x00000000c0000000, 0x00000000c8200000, 0x00000000eab00000)
  object space 133120K, 71% used [0x00000000c0000000,0x00000000c5c79678,0x00000000c8200000)
 Metaspace       used 84045K, committed 85056K, reserved 1179648K
  class space    used 8515K, committed 8960K, reserved 1048576K
}
Event: 2605.206 GC heap before
{Heap before GC invocations=1536 (full 26):
 PSYoungGen      total 2560K, used 2208K [0x00000000eab00000, 0x00000000eaf00000, 0x0000000100000000)
  eden space 2048K, 100% used [0x00000000eab00000,0x00000000ead00000,0x00000000ead00000)
  from space 512K, 31% used [0x00000000eae80000,0x00000000eaea8000,0x00000000eaf00000)
  to   space 512K, 0% used [0x00000000eae00000,0x00000000eae00000,0x00000000eae80000)
 ParOldGen       total 133120K, used 94693K [0x00000000c0000000, 0x00000000c8200000, 0x00000000eab00000)
  object space 133120K, 71% used [0x00000000c0000000,0x00000000c5c79678,0x00000000c8200000)
 Metaspace       used 84045K, committed 85056K, reserved 1179648K
  class space    used 8515K, committed 8960K, reserved 1048576K
}
Event: 2605.207 GC heap after
{Heap after GC invocations=1536 (full 26):
 PSYoungGen      total 2560K, used 498K [0x00000000eab00000, 0x00000000eb000000, 0x0000000100000000)
  eden space 2048K, 0% used [0x00000000eab00000,0x00000000eab00000,0x00000000ead00000)
  from space 512K, 97% used [0x00000000eae00000,0x00000000eae7c810,0x00000000eae80000)
  to   space 1536K, 0% used [0x00000000eae80000,0x00000000eae80000,0x00000000eb000000)
 ParOldGen       total 133120K, used 95117K [0x00000000c0000000, 0x00000000c8200000, 0x00000000eab00000)
  object space 133120K, 71% used [0x00000000c0000000,0x00000000c5ce36c8,0x00000000c8200000)
 Metaspace       used 84045K, committed 85056K, reserved 1179648K
  class space    used 8515K, committed 8960K, reserved 1048576K
}
Event: 2605.225 GC heap before
{Heap before GC invocations=1537 (full 26):
 PSYoungGen      total 2560K, used 2546K [0x00000000eab00000, 0x00000000eb000000, 0x0000000100000000)
  eden space 2048K, 100% used [0x00000000eab00000,0x00000000ead00000,0x00000000ead00000)
  from space 512K, 97% used [0x00000000eae00000,0x00000000eae7c810,0x00000000eae80000)
  to   space 1536K, 0% used [0x00000000eae80000,0x00000000eae80000,0x00000000eb000000)
 ParOldGen       total 133120K, used 95117K [0x00000000c0000000, 0x00000000c8200000, 0x00000000eab00000)
  object space 133120K, 71% used [0x00000000c0000000,0x00000000c5ce36c8,0x00000000c8200000)
 Metaspace       used 84045K, committed 85056K, reserved 1179648K
  class space    used 8515K, committed 8960K, reserved 1048576K
}
Event: 2605.227 GC heap after
{Heap after GC invocations=1537 (full 26):
 PSYoungGen      total 3072K, used 832K [0x00000000eab00000, 0x00000000eaf80000, 0x0000000100000000)
  eden space 2048K, 0% used [0x00000000eab00000,0x00000000eab00000,0x00000000ead00000)
  from space 1024K, 81% used [0x00000000eae80000,0x00000000eaf50020,0x00000000eaf80000)
  to   space 1024K, 0% used [0x00000000ead80000,0x00000000ead80000,0x00000000eae80000)
 ParOldGen       total 133120K, used 95638K [0x00000000c0000000, 0x00000000c8200000, 0x00000000eab00000)
  object space 133120K, 71% used [0x00000000c0000000,0x00000000c5d65918,0x00000000c8200000)
 Metaspace       used 84045K, committed 85056K, reserved 1179648K
  class space    used 8515K, committed 8960K, reserved 1048576K
}
Event: 2605.601 GC heap before
{Heap before GC invocations=1538 (full 26):
 PSYoungGen      total 3072K, used 2879K [0x00000000eab00000, 0x00000000eaf80000, 0x0000000100000000)
  eden space 2048K, 99% used [0x00000000eab00000,0x00000000eacfffd8,0x00000000ead00000)
  from space 1024K, 81% used [0x00000000eae80000,0x00000000eaf50020,0x00000000eaf80000)
  to   space 1024K, 0% used [0x00000000ead80000,0x00000000ead80000,0x00000000eae80000)
 ParOldGen       total 133120K, used 95638K [0x00000000c0000000, 0x00000000c8200000, 0x00000000eab00000)
  object space 133120K, 71% used [0x00000000c0000000,0x00000000c5d65918,0x00000000c8200000)
 Metaspace       used 84045K, committed 85056K, reserved 1179648K
  class space    used 8515K, committed 8960K, reserved 1048576K
}
Event: 2605.602 GC heap after
{Heap after GC invocations=1538 (full 26):
 PSYoungGen      total 3072K, used 256K [0x00000000eab00000, 0x00000000eaf00000, 0x0000000100000000)
  eden space 2048K, 0% used [0x00000000eab00000,0x00000000eab00000,0x00000000ead00000)
  from space 1024K, 25% used [0x00000000ead80000,0x00000000eadc0000,0x00000000eae80000)
  to   space 512K, 0% used [0x00000000eae80000,0x00000000eae80000,0x00000000eaf00000)
 ParOldGen       total 133120K, used 96229K [0x00000000c0000000, 0x00000000c8200000, 0x00000000eab00000)
  object space 133120K, 72% used [0x00000000c0000000,0x00000000c5df95e8,0x00000000c8200000)
 Metaspace       used 84045K, committed 85056K, reserved 1179648K
  class space    used 8515K, committed 8960K, reserved 1048576K
}
Event: 2605.668 GC heap before
{Heap before GC invocations=1539 (full 26):
 PSYoungGen      total 3072K, used 2304K [0x00000000eab00000, 0x00000000eaf00000, 0x0000000100000000)
  eden space 2048K, 100% used [0x00000000eab00000,0x00000000ead00000,0x00000000ead00000)
  from space 1024K, 25% used [0x00000000ead80000,0x00000000eadc0000,0x00000000eae80000)
  to   space 512K, 0% used [0x00000000eae80000,0x00000000eae80000,0x00000000eaf00000)
 ParOldGen       total 133120K, used 96229K [0x00000000c0000000, 0x00000000c8200000, 0x00000000eab00000)
  object space 133120K, 72% used [0x00000000c0000000,0x00000000c5df95e8,0x00000000c8200000)
 Metaspace       used 84045K, committed 85056K, reserved 1179648K
  class space    used 8515K, committed 8960K, reserved 1048576K
}
Event: 2605.669 GC heap after
{Heap after GC invocations=1539 (full 26):
 PSYoungGen      total 2560K, used 464K [0x00000000eab00000, 0x00000000eaf00000, 0x0000000100000000)
  eden space 2048K, 0% used [0x00000000eab00000,0x00000000eab00000,0x00000000ead00000)
  from space 512K, 90% used [0x00000000eae80000,0x00000000eaef4010,0x00000000eaf00000)
  to   space 512K, 0% used [0x00000000eae00000,0x00000000eae00000,0x00000000eae80000)
 ParOldGen       total 133120K, used 96375K [0x00000000c0000000, 0x00000000c8200000, 0x00000000eab00000)
  object space 133120K, 72% used [0x00000000c0000000,0x00000000c5e1ddf8,0x00000000c8200000)
 Metaspace       used 84045K, committed 85056K, reserved 1179648K
  class space    used 8515K, committed 8960K, reserved 1048576K
}
Event: 2605.685 GC heap before
{Heap before GC invocations=1540 (full 26):
 PSYoungGen      total 2560K, used 2512K [0x00000000eab00000, 0x00000000eaf00000, 0x0000000100000000)
  eden space 2048K, 100% used [0x00000000eab00000,0x00000000ead00000,0x00000000ead00000)
  from space 512K, 90% used [0x00000000eae80000,0x00000000eaef4010,0x00000000eaf00000)
  to   space 512K, 0% used [0x00000000eae00000,0x00000000eae00000,0x00000000eae80000)
 ParOldGen       total 133120K, used 96375K [0x00000000c0000000, 0x00000000c8200000, 0x00000000eab00000)
  object space 133120K, 72% used [0x00000000c0000000,0x00000000c5e1ddf8,0x00000000c8200000)
 Metaspace       used 84045K, committed 85056K, reserved 1179648K
  class space    used 8515K, committed 8960K, reserved 1048576K
}
Event: 2605.686 GC heap after
{Heap after GC invocations=1540 (full 26):
 PSYoungGen      total 2560K, used 480K [0x00000000eab00000, 0x00000000eb000000, 0x0000000100000000)
  eden space 2048K, 0% used [0x00000000eab00000,0x00000000eab00000,0x00000000ead00000)
  from space 512K, 93% used [0x00000000eae00000,0x00000000eae78020,0x00000000eae80000)
  to   space 1536K, 0% used [0x00000000eae80000,0x00000000eae80000,0x00000000eb000000)
 ParOldGen       total 133120K, used 97091K [0x00000000c0000000, 0x00000000c8200000, 0x00000000eab00000)
  object space 133120K, 72% used [0x00000000c0000000,0x00000000c5ed0d18,0x00000000c8200000)
 Metaspace       used 84045K, committed 85056K, reserved 1179648K
  class space    used 8515K, committed 8960K, reserved 1048576K
}
Event: 2606.009 GC heap before
{Heap before GC invocations=1541 (full 26):
 PSYoungGen      total 2560K, used 2528K [0x00000000eab00000, 0x00000000eb000000, 0x0000000100000000)
  eden space 2048K, 99% used [0x00000000eab00000,0x00000000eacffff0,0x00000000ead00000)
  from space 512K, 93% used [0x00000000eae00000,0x00000000eae78020,0x00000000eae80000)
  to   space 1536K, 0% used [0x00000000eae80000,0x00000000eae80000,0x00000000eb000000)
 ParOldGen       total 133120K, used 97091K [0x00000000c0000000, 0x00000000c8200000, 0x00000000eab00000)
  object space 133120K, 72% used [0x00000000c0000000,0x00000000c5ed0d18,0x00000000c8200000)
 Metaspace       used 84045K, committed 85056K, reserved 1179648K
  class space    used 8515K, committed 8960K, reserved 1048576K
}
Event: 2606.010 GC heap after
{Heap after GC invocations=1541 (full 26):
 PSYoungGen      total 2560K, used 210K [0x00000000eab00000, 0x00000000eaf00000, 0x0000000100000000)
  eden space 2048K, 0% used [0x00000000eab00000,0x00000000eab00000,0x00000000ead00000)
  from space 512K, 41% used [0x00000000eae80000,0x00000000eaeb4810,0x00000000eaf00000)
  to   space 1024K, 0% used [0x00000000ead00000,0x00000000ead00000,0x00000000eae00000)
 ParOldGen       total 133120K, used 97563K [0x00000000c0000000, 0x00000000c8200000, 0x00000000eab00000)
  object space 133120K, 73% used [0x00000000c0000000,0x00000000c5f46d48,0x00000000c8200000)
 Metaspace       used 84045K, committed 85056K, reserved 1179648K
  class space    used 8515K, committed 8960K, reserved 1048576K
}
Event: 2606.020 GC heap before
{Heap before GC invocations=1542 (full 26):
 PSYoungGen      total 2560K, used 2258K [0x00000000eab00000, 0x00000000eaf00000, 0x0000000100000000)
  eden space 2048K, 100% used [0x00000000eab00000,0x00000000ead00000,0x00000000ead00000)
  from space 512K, 41% used [0x00000000eae80000,0x00000000eaeb4810,0x00000000eaf00000)
  to   space 1024K, 0% used [0x00000000ead00000,0x00000000ead00000,0x00000000eae00000)
 ParOldGen       total 133120K, used 97563K [0x00000000c0000000, 0x00000000c8200000, 0x00000000eab00000)
  object space 133120K, 73% used [0x00000000c0000000,0x00000000c5f46d48,0x00000000c8200000)
 Metaspace       used 84045K, committed 85056K, reserved 1179648K
  class space    used 8515K, committed 8960K, reserved 1048576K
}
Event: 2606.021 GC heap after
{Heap after GC invocations=1542 (full 26):
 PSYoungGen      total 3072K, used 496K [0x00000000eab00000, 0x00000000eaf00000, 0x0000000100000000)
  eden space 2048K, 0% used [0x00000000eab00000,0x00000000eab00000,0x00000000ead00000)
  from space 1024K, 48% used [0x00000000ead00000,0x00000000ead7c010,0x00000000eae00000)
  to   space 1024K, 0% used [0x00000000eae00000,0x00000000eae00000,0x00000000eaf00000)
 ParOldGen       total 133120K, used 97691K [0x00000000c0000000, 0x00000000c8200000, 0x00000000eab00000)
  object space 133120K, 73% used [0x00000000c0000000,0x00000000c5f66f98,0x00000000c8200000)
 Metaspace       used 84045K, committed 85056K, reserved 1179648K
  class space    used 8515K, committed 8960K, reserved 1048576K
}
Event: 2606.027 GC heap before
{Heap before GC invocations=1543 (full 26):
 PSYoungGen      total 3072K, used 2544K [0x00000000eab00000, 0x00000000eaf00000, 0x0000000100000000)
  eden space 2048K, 100% used [0x00000000eab00000,0x00000000ead00000,0x00000000ead00000)
  from space 1024K, 48% used [0x00000000ead00000,0x00000000ead7c010,0x00000000eae00000)
  to   space 1024K, 0% used [0x00000000eae00000,0x00000000eae00000,0x00000000eaf00000)
 ParOldGen       total 133120K, used 97691K [0x00000000c0000000, 0x00000000c8200000, 0x00000000eab00000)
  object space 133120K, 73% used [0x00000000c0000000,0x00000000c5f66f98,0x00000000c8200000)
 Metaspace       used 84045K, committed 85056K, reserved 1179648K
  class space    used 8515K, committed 8960K, reserved 1048576K
}
Event: 2606.028 GC heap after
{Heap after GC invocations=1543 (full 26):
 PSYoungGen      total 2560K, used 448K [0x00000000eab00000, 0x00000000eae80000, 0x0000000100000000)
  eden space 2048K, 0% used [0x00000000eab00000,0x00000000eab00000,0x00000000ead00000)
  from space 512K, 87% used [0x00000000eae00000,0x00000000eae70000,0x00000000eae80000)
  to   space 512K, 0% used [0x00000000ead80000,0x00000000ead80000,0x00000000eae00000)
 ParOldGen       total 133120K, used 98117K [0x00000000c0000000, 0x00000000c8200000, 0x00000000eab00000)
  object space 133120K, 73% used [0x00000000c0000000,0x00000000c5fd17e8,0x00000000c8200000)
 Metaspace       used 84045K, committed 85056K, reserved 1179648K
  class space    used 8515K, committed 8960K, reserved 1048576K
}

Dll operation events (11 events):
Event: 0.017 Loaded shared library c:\Users\shrey\.vscode\extensions\redhat.java-1.18.0-win32-x64\jre\17.0.7-win32-x86_64\bin\java.dll
Event: 0.776 Loaded shared library c:\Users\shrey\.vscode\extensions\redhat.java-1.18.0-win32-x64\jre\17.0.7-win32-x86_64\bin\zip.dll
Event: 0.783 Loaded shared library C:\Users\shrey\.vscode\extensions\redhat.java-1.18.0-win32-x64\jre\17.0.7-win32-x86_64\bin\instrument.dll
Event: 0.899 Loaded shared library C:\Users\shrey\.vscode\extensions\redhat.java-1.18.0-win32-x64\jre\17.0.7-win32-x86_64\bin\net.dll
Event: 0.903 Loaded shared library C:\Users\shrey\.vscode\extensions\redhat.java-1.18.0-win32-x64\jre\17.0.7-win32-x86_64\bin\nio.dll
Event: 0.957 Loaded shared library C:\Users\shrey\.vscode\extensions\redhat.java-1.18.0-win32-x64\jre\17.0.7-win32-x86_64\bin\zip.dll
Event: 1.038 Loaded shared library C:\Users\shrey\.vscode\extensions\redhat.java-1.18.0-win32-x64\jre\17.0.7-win32-x86_64\bin\jimage.dll
Event: 1.378 Loaded shared library c:\Users\shrey\.vscode\extensions\redhat.java-1.18.0-win32-x64\jre\17.0.7-win32-x86_64\bin\verify.dll
Event: 8.771 Loaded shared library C:\Users\shrey\AppData\Roaming\Code\User\globalStorage\redhat.java\1.18.0\config_win\org.eclipse.equinox.launcher\org.eclipse.equinox.launcher.win32.win32.x86_64_1.2.700.v20221108-1024\eclipse_11801.dll
Event: 19.380 Loaded shared library C:\Users\shrey\AppData\Local\Temp\jna-109415985\jna1024661797498814491.dll
Event: 24.680 Loaded shared library C:\Users\shrey\.vscode\extensions\redhat.java-1.18.0-win32-x64\jre\17.0.7-win32-x86_64\bin\sunmscapi.dll

Deoptimization events (20 events):
Event: 2605.672 Thread 0x000001ca681e9010 Uncommon trap: trap_request=0xffffffde fr.pc=0x000001ca4dd8faec relative=0x000000000000246c
Event: 2605.672 Thread 0x000001ca681e9010 Uncommon trap: reason=class_check action=maybe_recompile pc=0x000001ca4dd8faec method=org.eclipse.jdt.internal.compiler.ast.MessageSend.resolveType(Lorg/eclipse/jdt/internal/compiler/lookup/BlockScope;)Lorg/eclipse/jdt/internal/compiler/lookup/TypeBinding
Event: 2605.672 Thread 0x000001ca681e9010 DEOPT PACKING pc=0x000001ca4dd8faec sp=0x00000037c70fe390
Event: 2605.672 Thread 0x000001ca681e9010 DEOPT UNPACKING pc=0x000001ca4cec66a3 sp=0x00000037c70fe348 mode 2
Event: 2605.675 Thread 0x000001ca681e9010 Uncommon trap: trap_request=0xffffffde fr.pc=0x000001ca4dd4f084 relative=0x0000000000000064
Event: 2605.675 Thread 0x000001ca681e9010 Uncommon trap: reason=class_check action=maybe_recompile pc=0x000001ca4dd4f084 method=org.eclipse.jdt.core.dom.DefaultASTVisitor.visit(Lorg/eclipse/jdt/core/dom/NumberLiteral;)Z @ 2 c2
Event: 2605.675 Thread 0x000001ca681e9010 DEOPT PACKING pc=0x000001ca4dd4f084 sp=0x00000037c70fe480
Event: 2605.675 Thread 0x000001ca681e9010 DEOPT UNPACKING pc=0x000001ca4cec66a3 sp=0x00000037c70fe408 mode 2
Event: 2605.675 Thread 0x000001ca681e9010 Uncommon trap: trap_request=0xffffffde fr.pc=0x000001ca4dceee34 relative=0x0000000000000114
Event: 2605.675 Thread 0x000001ca681e9010 Uncommon trap: reason=class_check action=maybe_recompile pc=0x000001ca4dceee34 method=org.eclipse.jdt.core.dom.DefaultASTVisitor.endVisit(Lorg/eclipse/jdt/core/dom/NumberLiteral;)V @ 2 c2
Event: 2605.675 Thread 0x000001ca681e9010 DEOPT PACKING pc=0x000001ca4dceee34 sp=0x00000037c70fe470
Event: 2605.675 Thread 0x000001ca681e9010 DEOPT UNPACKING pc=0x000001ca4cec66a3 sp=0x00000037c70fe408 mode 2
Event: 2606.019 Thread 0x000001ca5edb8bb0 DEOPT PACKING pc=0x000001ca46ce930d sp=0x00000037c8dfde90
Event: 2606.019 Thread 0x000001ca5edb8bb0 DEOPT UNPACKING pc=0x000001ca4cec6e43 sp=0x00000037c8dfd308 mode 0
Event: 2606.022 Thread 0x000001ca5edb8bb0 Uncommon trap: trap_request=0xffffffde fr.pc=0x000001ca4dd8faec relative=0x000000000000246c
Event: 2606.022 Thread 0x000001ca5edb8bb0 Uncommon trap: reason=class_check action=maybe_recompile pc=0x000001ca4dd8faec method=org.eclipse.jdt.internal.compiler.ast.MessageSend.resolveType(Lorg/eclipse/jdt/internal/compiler/lookup/BlockScope;)Lorg/eclipse/jdt/internal/compiler/lookup/TypeBinding
Event: 2606.022 Thread 0x000001ca5edb8bb0 DEOPT PACKING pc=0x000001ca4dd8faec sp=0x00000037c8dfe270
Event: 2606.022 Thread 0x000001ca5edb8bb0 DEOPT UNPACKING pc=0x000001ca4cec66a3 sp=0x00000037c8dfe228 mode 2
Event: 2606.029 Thread 0x000001ca5edb8bb0 DEOPT PACKING pc=0x000001ca46ce930d sp=0x00000037c8dfde90
Event: 2606.029 Thread 0x000001ca5edb8bb0 DEOPT UNPACKING pc=0x000001ca4cec6e43 sp=0x00000037c8dfd308 mode 0

Classes unloaded (20 events):
Event: 1338.339 Thread 0x000001ca56a0b550 Unloading class 0x00000001001d1000 'jdk/internal/reflect/GeneratedConstructorAccessor4'
Event: 1338.339 Thread 0x000001ca56a0b550 Unloading class 0x00000001001a2800 'java/lang/invoke/LambdaForm$MH+0x00000001001a2800'
Event: 1338.339 Thread 0x000001ca56a0b550 Unloading class 0x00000001001a2000 'java/lang/invoke/LambdaForm$MH+0x00000001001a2000'
Event: 1338.339 Thread 0x000001ca56a0b550 Unloading class 0x00000001001a1c00 'java/lang/invoke/LambdaForm$MH+0x00000001001a1c00'
Event: 1338.339 Thread 0x000001ca56a0b550 Unloading class 0x00000001001a1800 'java/lang/invoke/LambdaForm$MH+0x00000001001a1800'
Event: 1338.339 Thread 0x000001ca56a0b550 Unloading class 0x00000001001a1000 'java/lang/invoke/LambdaForm$MH+0x00000001001a1000'
Event: 1338.339 Thread 0x000001ca56a0b550 Unloading class 0x00000001001a0c00 'java/lang/invoke/LambdaForm$MH+0x00000001001a0c00'
Event: 1338.339 Thread 0x000001ca56a0b550 Unloading class 0x00000001001a0800 'java/lang/invoke/LambdaForm$MH+0x00000001001a0800'
Event: 1338.339 Thread 0x000001ca56a0b550 Unloading class 0x00000001001a0000 'java/lang/invoke/LambdaForm$MH+0x00000001001a0000'
Event: 1338.339 Thread 0x000001ca56a0b550 Unloading class 0x0000000100129000 'jdk/internal/reflect/GeneratedMethodAccessor5'
Event: 1338.339 Thread 0x000001ca56a0b550 Unloading class 0x0000000100128c00 'jdk/internal/reflect/GeneratedMethodAccessor4'
Event: 1338.339 Thread 0x000001ca56a0b550 Unloading class 0x0000000100128800 'jdk/internal/reflect/GeneratedMethodAccessor3'
Event: 1338.339 Thread 0x000001ca56a0b550 Unloading class 0x0000000100128400 'jdk/internal/reflect/GeneratedMethodAccessor2'
Event: 1338.339 Thread 0x000001ca56a0b550 Unloading class 0x0000000100128000 'jdk/internal/reflect/GeneratedMethodAccessor1'
Event: 1680.593 Thread 0x000001ca56a0b550 Unloading class 0x00000001005b0000 'jdk/internal/reflect/GeneratedConstructorAccessor22'
Event: 1680.593 Thread 0x000001ca56a0b550 Unloading class 0x0000000100591400 'jdk/internal/reflect/GeneratedConstructorAccessor21'
Event: 1680.593 Thread 0x000001ca56a0b550 Unloading class 0x0000000100591000 'jdk/internal/reflect/GeneratedConstructorAccessor20'
Event: 1680.593 Thread 0x000001ca56a0b550 Unloading class 0x0000000100590800 'jdk/internal/reflect/GeneratedConstructorAccessor18'
Event: 1680.593 Thread 0x000001ca56a0b550 Unloading class 0x0000000100590400 'jdk/internal/reflect/GeneratedConstructorAccessor17'
Event: 1680.593 Thread 0x000001ca56a0b550 Unloading class 0x0000000100590000 'jdk/internal/reflect/GeneratedConstructorAccessor16'

Classes redefined (0 events):
No events

Internal exceptions (20 events):
Event: 2192.613 Thread 0x000001ca5cb9cbc0 Implicit null exception at 0x000001ca4e171722 to 0x000001ca4e1723b4
Event: 2192.613 Thread 0x000001ca5cb9cbc0 Implicit null exception at 0x000001ca4e13caa9 to 0x000001ca4e13cc38
Event: 2192.672 Thread 0x000001ca5cb9cbc0 Implicit null exception at 0x000001ca4db56b18 to 0x000001ca4db57564
Event: 2192.858 Thread 0x000001ca5cb9cbc0 Implicit null exception at 0x000001ca4e3152e5 to 0x000001ca4e318ec8
Event: 2192.858 Thread 0x000001ca5cb9cbc0 Implicit null exception at 0x000001ca4e006c44 to 0x000001ca4e006f68
Event: 2192.858 Thread 0x000001ca5cb9cbc0 Implicit null exception at 0x000001ca4d567328 to 0x000001ca4d56761c
Event: 2192.858 Thread 0x000001ca5cb9cbc0 Implicit null exception at 0x000001ca4dd81132 to 0x000001ca4dd81604
Event: 2193.171 Thread 0x000001ca5cb9cbc0 Implicit null exception at 0x000001ca4d89d72d to 0x000001ca4d89f118
Event: 2193.300 Thread 0x000001ca681e5ff0 Implicit null exception at 0x000001ca4d84b038 to 0x000001ca4d850648
Event: 2193.300 Thread 0x000001ca681e5ff0 Implicit null exception at 0x000001ca4d9b3232 to 0x000001ca4d9b46e4
Event: 2391.417 Thread 0x000001ca681e5ff0 Implicit null exception at 0x000001ca4d87d659 to 0x000001ca4d87e9fc
Event: 2459.391 Thread 0x000001ca5cb9c6f0 Implicit null exception at 0x000001ca4e1d825c to 0x000001ca4e1d8ce8
Event: 2459.392 Thread 0x000001ca5cb9c6f0 Implicit null exception at 0x000001ca4e3470bd to 0x000001ca4e3497a0
Event: 2459.536 Thread 0x000001ca5cb9c6f0 Implicit null exception at 0x000001ca4d961b11 to 0x000001ca4d961b7c
Event: 2459.773 Thread 0x000001ca5cb9c6f0 Implicit null exception at 0x000001ca4dd11ef0 to 0x000001ca4dd124a9
Event: 2459.812 Thread 0x000001ca5cb9c6f0 Implicit null exception at 0x000001ca4e3bc7c1 to 0x000001ca4e3c2f28
Event: 2459.817 Thread 0x000001ca5cb9c6f0 Implicit null exception at 0x000001ca4dc60f50 to 0x000001ca4dc61008
Event: 2460.028 Thread 0x000001ca5cb9c6f0 Implicit null exception at 0x000001ca4db32ef2 to 0x000001ca4db333c4
Event: 2460.050 Thread 0x000001ca5cb9c6f0 Implicit null exception at 0x000001ca4e2cb3d1 to 0x000001ca4e2cb41b
Event: 2517.097 Thread 0x000001ca681e9010 Implicit null exception at 0x000001ca4dc4dd25 to 0x000001ca4dc4fa35

VM Operations (20 events):
Event: 2604.924 Executing VM operation: ParallelGCFailedAllocation
Event: 2604.925 Executing VM operation: ParallelGCFailedAllocation done
Event: 2604.938 Executing VM operation: ParallelGCFailedAllocation
Event: 2604.940 Executing VM operation: ParallelGCFailedAllocation done
Event: 2605.206 Executing VM operation: ParallelGCFailedAllocation
Event: 2605.207 Executing VM operation: ParallelGCFailedAllocation done
Event: 2605.224 Executing VM operation: ParallelGCFailedAllocation
Event: 2605.227 Executing VM operation: ParallelGCFailedAllocation done
Event: 2605.601 Executing VM operation: ParallelGCFailedAllocation
Event: 2605.602 Executing VM operation: ParallelGCFailedAllocation done
Event: 2605.668 Executing VM operation: ParallelGCFailedAllocation
Event: 2605.669 Executing VM operation: ParallelGCFailedAllocation done
Event: 2605.685 Executing VM operation: ParallelGCFailedAllocation
Event: 2605.687 Executing VM operation: ParallelGCFailedAllocation done
Event: 2606.009 Executing VM operation: ParallelGCFailedAllocation
Event: 2606.011 Executing VM operation: ParallelGCFailedAllocation done
Event: 2606.020 Executing VM operation: ParallelGCFailedAllocation
Event: 2606.021 Executing VM operation: ParallelGCFailedAllocation done
Event: 2606.027 Executing VM operation: ParallelGCFailedAllocation
Event: 2606.028 Executing VM operation: ParallelGCFailedAllocation done

Events (20 events):
Event: 2520.786 Thread 0x000001ca5bcea4b0 flushing nmethod 0x000001ca46f67810
Event: 2520.786 Thread 0x000001ca5bcea4b0 flushing nmethod 0x000001ca46fcc490
Event: 2520.786 Thread 0x000001ca5bcea4b0 flushing nmethod 0x000001ca46fd1a10
Event: 2520.787 Thread 0x000001ca5bcea4b0 flushing nmethod 0x000001ca47000a10
Event: 2520.787 Thread 0x000001ca5bcea4b0 flushing nmethod 0x000001ca47084890
Event: 2520.789 Thread 0x000001ca5bcea4b0 flushing nmethod 0x000001ca4727ff10
Event: 2520.790 Thread 0x000001ca5bcea4b0 flushing nmethod 0x000001ca473b7510
Event: 2520.791 Thread 0x000001ca5bcea4b0 flushing nmethod 0x000001ca4754fa10
Event: 2520.791 Thread 0x000001ca5bcea4b0 flushing nmethod 0x000001ca47582d90
Event: 2520.792 Thread 0x000001ca5bcea4b0 flushing nmethod 0x000001ca4767c410
Event: 2520.792 Thread 0x000001ca5bcea4b0 flushing nmethod 0x000001ca476a2790
Event: 2520.792 Thread 0x000001ca5bcea4b0 flushing nmethod 0x000001ca476acd10
Event: 2520.792 Thread 0x000001ca5bcea4b0 flushing nmethod 0x000001ca47701090
Event: 2520.793 Thread 0x000001ca5bcea4b0 flushing nmethod 0x000001ca4773e890
Event: 2520.793 Thread 0x000001ca5bcea4b0 flushing nmethod 0x000001ca4773f290
Event: 2520.793 Thread 0x000001ca5bcea4b0 flushing nmethod 0x000001ca47740090
Event: 2521.717 Thread 0x000001ca6886c1b0 Thread added: 0x000001ca6886c1b0
Event: 2525.495 Thread 0x000001ca6886c1b0 Thread exited: 0x000001ca6886c1b0
Event: 2575.334 Thread 0x000001ca5d4f0b40 Thread exited: 0x000001ca5d4f0b40
Event: 2602.655 Thread 0x000001ca681e7cd0 Thread exited: 0x000001ca681e7cd0


Dynamic libraries:
0x00007ff727530000 - 0x00007ff72753e000 	c:\Users\shrey\.vscode\extensions\redhat.java-1.18.0-win32-x64\jre\17.0.7-win32-x86_64\bin\java.exe
0x00007ffa160b0000 - 0x00007ffa162a8000 	C:\Windows\SYSTEM32\ntdll.dll
0x00007ff9f6ac0000 - 0x00007ff9f6ad9000 	C:\Program Files\AVG\Antivirus\aswhook.dll
0x00007ffa14a60000 - 0x00007ffa14b1f000 	C:\Windows\System32\KERNEL32.DLL
0x00007ffa13b80000 - 0x00007ffa13e76000 	C:\Windows\System32\KERNELBASE.dll
0x00007ffa13e80000 - 0x00007ffa13f80000 	C:\Windows\System32\ucrtbase.dll
0x00007ff9fe270000 - 0x00007ff9fe287000 	c:\Users\shrey\.vscode\extensions\redhat.java-1.18.0-win32-x64\jre\17.0.7-win32-x86_64\bin\jli.dll
0x00007ffa15b50000 - 0x00007ffa15ced000 	C:\Windows\System32\USER32.dll
0x00007ffa13f80000 - 0x00007ffa13fa2000 	C:\Windows\System32\win32u.dll
0x00007ffa14bc0000 - 0x00007ffa14bec000 	C:\Windows\System32\GDI32.dll
0x00007ffa13830000 - 0x00007ffa13945000 	C:\Windows\System32\gdi32full.dll
0x00007ffa13790000 - 0x00007ffa1382d000 	C:\Windows\System32\msvcp_win.dll
0x00007ff9fd240000 - 0x00007ff9fd259000 	c:\Users\shrey\.vscode\extensions\redhat.java-1.18.0-win32-x64\jre\17.0.7-win32-x86_64\bin\VCRUNTIME140.dll
0x00007ff9fbc50000 - 0x00007ff9fbeea000 	C:\Windows\WinSxS\amd64_microsoft.windows.common-controls_6595b64144ccf1df_6.0.19041.1110_none_60b5254171f9507e\COMCTL32.dll
0x00007ffa15fd0000 - 0x00007ffa1606e000 	C:\Windows\System32\msvcrt.dll
0x00007ffa15750000 - 0x00007ffa15780000 	C:\Windows\System32\IMM32.DLL
0x00007ffa06310000 - 0x00007ffa0631c000 	c:\Users\shrey\.vscode\extensions\redhat.java-1.18.0-win32-x64\jre\17.0.7-win32-x86_64\bin\vcruntime140_1.dll
0x00007ff9ee250000 - 0x00007ff9ee2e1000 	c:\Users\shrey\.vscode\extensions\redhat.java-1.18.0-win32-x64\jre\17.0.7-win32-x86_64\bin\msvcp140.dll
0x00007ff9caee0000 - 0x00007ff9cbb28000 	c:\Users\shrey\.vscode\extensions\redhat.java-1.18.0-win32-x64\jre\17.0.7-win32-x86_64\bin\server\jvm.dll
0x00007ffa15cf0000 - 0x00007ffa15d9f000 	C:\Windows\System32\ADVAPI32.dll
0x00007ffa14780000 - 0x00007ffa1481c000 	C:\Windows\System32\sechost.dll
0x00007ffa14930000 - 0x00007ffa14a56000 	C:\Windows\System32\RPCRT4.dll
0x00007ffa02860000 - 0x00007ffa02869000 	C:\Windows\SYSTEM32\WSOCK32.dll
0x00007ffa14d40000 - 0x00007ffa14dab000 	C:\Windows\System32\WS2_32.dll
0x00007ffa07f30000 - 0x00007ffa07f57000 	C:\Windows\SYSTEM32\WINMM.dll
0x00007ffa0b2b0000 - 0x00007ffa0b2ba000 	C:\Windows\SYSTEM32\VERSION.dll
0x00007ffa11650000 - 0x00007ffa11662000 	C:\Windows\SYSTEM32\kernel.appcore.dll
0x00007ff9fd230000 - 0x00007ff9fd23a000 	c:\Users\shrey\.vscode\extensions\redhat.java-1.18.0-win32-x64\jre\17.0.7-win32-x86_64\bin\jimage.dll
0x00007ffa07870000 - 0x00007ffa07a54000 	C:\Windows\SYSTEM32\DBGHELP.DLL
0x00007ffa0aa90000 - 0x00007ffa0aac4000 	C:\Windows\SYSTEM32\dbgcore.DLL
0x00007ffa13a30000 - 0x00007ffa13ab2000 	C:\Windows\System32\bcryptPrimitives.dll
0x00007ff9fa0f0000 - 0x00007ff9fa0fe000 	c:\Users\shrey\.vscode\extensions\redhat.java-1.18.0-win32-x64\jre\17.0.7-win32-x86_64\bin\instrument.dll
0x00007ff9f5660000 - 0x00007ff9f5685000 	c:\Users\shrey\.vscode\extensions\redhat.java-1.18.0-win32-x64\jre\17.0.7-win32-x86_64\bin\java.dll
0x00007ff9f5640000 - 0x00007ff9f5658000 	c:\Users\shrey\.vscode\extensions\redhat.java-1.18.0-win32-x64\jre\17.0.7-win32-x86_64\bin\zip.dll
0x00007ffa14e10000 - 0x00007ffa15554000 	C:\Windows\System32\SHELL32.dll
0x00007ffa11850000 - 0x00007ffa11fe3000 	C:\Windows\SYSTEM32\windows.storage.dll
0x00007ffa157f0000 - 0x00007ffa15b44000 	C:\Windows\System32\combase.dll
0x00007ffa13110000 - 0x00007ffa1313e000 	C:\Windows\SYSTEM32\Wldp.dll
0x00007ffa14880000 - 0x00007ffa1492d000 	C:\Windows\System32\SHCORE.dll
0x00007ffa15780000 - 0x00007ffa157d5000 	C:\Windows\System32\shlwapi.dll
0x00007ffa136d0000 - 0x00007ffa136ef000 	C:\Windows\SYSTEM32\profapi.dll
0x00007ff9f5620000 - 0x00007ff9f5639000 	C:\Users\shrey\.vscode\extensions\redhat.java-1.18.0-win32-x64\jre\17.0.7-win32-x86_64\bin\net.dll
0x00007ffa0aad0000 - 0x00007ffa0abda000 	C:\Windows\SYSTEM32\WINHTTP.dll
0x00007ffa12e70000 - 0x00007ffa12eda000 	C:\Windows\system32\mswsock.dll
0x00007ff9f5600000 - 0x00007ff9f5615000 	C:\Users\shrey\.vscode\extensions\redhat.java-1.18.0-win32-x64\jre\17.0.7-win32-x86_64\bin\nio.dll
0x00007ff9f6f70000 - 0x00007ff9f6f80000 	c:\Users\shrey\.vscode\extensions\redhat.java-1.18.0-win32-x64\jre\17.0.7-win32-x86_64\bin\verify.dll
0x00007ff9e6330000 - 0x00007ff9e636e000 	C:\Users\shrey\AppData\Roaming\Code\User\globalStorage\redhat.java\1.18.0\config_win\org.eclipse.equinox.launcher\org.eclipse.equinox.launcher.win32.win32.x86_64_1.2.700.v20221108-1024\eclipse_11801.dll
0x00007ffa14c10000 - 0x00007ffa14d3a000 	C:\Windows\System32\ole32.dll
0x00007ffa13060000 - 0x00007ffa13078000 	C:\Windows\SYSTEM32\CRYPTSP.dll
0x00007ffa12790000 - 0x00007ffa127c4000 	C:\Windows\system32\rsaenh.dll
0x00007ffa13950000 - 0x00007ffa13977000 	C:\Windows\System32\bcrypt.dll
0x00007ffa13690000 - 0x00007ffa136be000 	C:\Windows\SYSTEM32\USERENV.dll
0x00007ffa13080000 - 0x00007ffa1308c000 	C:\Windows\SYSTEM32\CRYPTBASE.dll
0x00007ffa12b60000 - 0x00007ffa12b9c000 	C:\Windows\SYSTEM32\IPHLPAPI.DLL
0x00007ffa14300000 - 0x00007ffa14308000 	C:\Windows\System32\NSI.dll
0x00007ffa0b140000 - 0x00007ffa0b157000 	C:\Windows\SYSTEM32\dhcpcsvc6.DLL
0x00007ffa0c270000 - 0x00007ffa0c28d000 	C:\Windows\SYSTEM32\dhcpcsvc.DLL
0x00007ffa12ba0000 - 0x00007ffa12c6b000 	C:\Windows\SYSTEM32\DNSAPI.dll
0x00007ff9d1920000 - 0x00007ff9d1965000 	C:\Users\shrey\AppData\Local\Temp\jna-109415985\jna1024661797498814491.dll
0x00007ffa157e0000 - 0x00007ffa157e8000 	C:\Windows\System32\PSAPI.DLL
0x00007ff9f5230000 - 0x00007ff9f523e000 	C:\Users\shrey\.vscode\extensions\redhat.java-1.18.0-win32-x64\jre\17.0.7-win32-x86_64\bin\sunmscapi.dll
0x00007ffa13fb0000 - 0x00007ffa1410e000 	C:\Windows\System32\CRYPT32.dll
0x00007ffa13180000 - 0x00007ffa131a8000 	C:\Windows\SYSTEM32\ncrypt.dll
0x00007ffa13140000 - 0x00007ffa1317b000 	C:\Windows\SYSTEM32\NTASN1.dll
0x00007ffa04840000 - 0x00007ffa0484a000 	C:\Windows\System32\rasadhlp.dll
0x00007ffa04ea0000 - 0x00007ffa04f22000 	C:\Windows\System32\fwpuclnt.dll

dbghelp: loaded successfully - version: 4.0.5 - missing functions: none
symbol engine: initialized successfully - sym options: 0x614 - pdb path: .;c:\Users\shrey\.vscode\extensions\redhat.java-1.18.0-win32-x64\jre\17.0.7-win32-x86_64\bin;C:\Windows\SYSTEM32;C:\Program Files\AVG\Antivirus;C:\Windows\WinSxS\amd64_microsoft.windows.common-controls_6595b64144ccf1df_6.0.19041.1110_none_60b5254171f9507e;c:\Users\shrey\.vscode\extensions\redhat.java-1.18.0-win32-x64\jre\17.0.7-win32-x86_64\bin\server;C:\Users\shrey\AppData\Roaming\Code\User\globalStorage\redhat.java\1.18.0\config_win\org.eclipse.equinox.launcher\org.eclipse.equinox.launcher.win32.win32.x86_64_1.2.700.v20221108-1024;C:\Users\shrey\AppData\Local\Temp\jna-109415985

VM Arguments:
jvm_args: --add-modules=ALL-SYSTEM --add-opens=java.base/java.util=ALL-UNNAMED --add-opens=java.base/java.lang=ALL-UNNAMED --add-opens=java.base/sun.nio.fs=ALL-UNNAMED -Declipse.application=org.eclipse.jdt.ls.core.id1 -Dosgi.bundles.defaultStartLevel=4 -Declipse.product=org.eclipse.jdt.ls.core.product -Djava.import.generatesMetadataFilesAtProjectRoot=false -Dfile.encoding=utf8 -XX:+UseParallelGC -XX:GCTimeRatio=4 -XX:AdaptiveSizePolicyWeight=90 -Dsun.zip.disableMemoryMapping=true -Xmx1G -Xms100m -Xlog:disable -javaagent:c:\Users\shrey\.vscode\extensions\redhat.java-1.18.0-win32-x64\lombok\lombok-1.18.27.jar -XX:+HeapDumpOnOutOfMemoryError -XX:HeapDumpPath=c:\Users\shrey\AppData\Roaming\Code\User\workspaceStorage\f36a87aaac524792c750edfad0862b37\redhat.java -Daether.dependencyCollector.impl=bf 
java_command: c:\Users\shrey\.vscode\extensions\redhat.java-1.18.0-win32-x64\server\plugins\org.eclipse.equinox.launcher_1.6.400.v20210924-0641.jar -configuration c:\Users\shrey\AppData\Roaming\Code\User\globalStorage\redhat.java\1.18.0\config_win -data c:\Users\shrey\AppData\Roaming\Code\User\workspaceStorage\f36a87aaac524792c750edfad0862b37\redhat.java\jdt_ws
java_class_path (initial): c:\Users\shrey\.vscode\extensions\redhat.java-1.18.0-win32-x64\server\plugins\org.eclipse.equinox.launcher_1.6.400.v20210924-0641.jar
Launcher Type: SUN_STANDARD

[Global flags]
    uintx AdaptiveSizePolicyWeight                 = 90                                        {product} {command line}
     intx CICompilerCount                          = 3                                         {product} {ergonomic}
    uintx GCTimeRatio                              = 4                                         {product} {command line}
     bool HeapDumpOnOutOfMemoryError               = true                                   {manageable} {command line}
    ccstr HeapDumpPath                             = c:\Users\shrey\AppData\Roaming\Code\User\workspaceStorage\f36a87aaac524792c750edfad0862b37\redhat.java         {manageable} {command line}
   size_t InitialHeapSize                          = 104857600                                 {product} {command line}
   size_t MaxHeapSize                              = 1073741824                                {product} {command line}
   size_t MaxNewSize                               = 357564416                                 {product} {ergonomic}
   size_t MinHeapDeltaBytes                        = 524288                                    {product} {ergonomic}
   size_t MinHeapSize                              = 104857600                                 {product} {command line}
   size_t NewSize                                  = 34603008                                  {product} {ergonomic}
    uintx NonNMethodCodeHeapSize                   = 5832780                                {pd product} {ergonomic}
    uintx NonProfiledCodeHeapSize                  = 122912730                              {pd product} {ergonomic}
   size_t OldSize                                  = 70254592                                  {product} {ergonomic}
    uintx ProfiledCodeHeapSize                     = 122912730                              {pd product} {ergonomic}
    uintx ReservedCodeCacheSize                    = 251658240                              {pd product} {ergonomic}
     bool SegmentedCodeCache                       = true                                      {product} {ergonomic}
   size_t SoftMaxHeapSize                          = 1073741824                             {manageable} {ergonomic}
     bool UseCompressedClassPointers               = true                           {product lp64_product} {ergonomic}
     bool UseCompressedOops                        = true                           {product lp64_product} {ergonomic}
     bool UseLargePagesIndividualAllocation        = false                                  {pd product} {ergonomic}
     bool UseParallelGC                            = true                                      {product} {command line}

Logging:
Log output configuration:
 #0: stdout all=off uptime,level,tags
 #1: stderr all=off uptime,level,tags

Environment Variables:
PATH=C:\Program Files\Common Files\Oracle\Java\javapath;C:\Windows\system32;C:\Windows;C:\Windows\System32\Wbem;C:\Windows\System32\WindowsPowerShell\v1.0\;C:\Windows\System32\OpenSSH\;C:\Program Files\nodejs\;C:\Program Files\TortoiseGit\bin;C:\Users\shrey\AppData\Local\Microsoft\WindowsApps;C:\Users\shrey\AppData\Local\atom\bin;C:\Users\shrey\AppData\Local\Programs\Microsoft VS Code\bin;C:\Users\shrey\AppData\Roaming\npm;C:\Users\shrey\AppData\Local\Programs\Git\cmd
USERNAME=shrey
OS=Windows_NT
PROCESSOR_IDENTIFIER=Intel64 Family 6 Model 61 Stepping 4, GenuineIntel
TMP=C:\Users\shrey\AppData\Local\Temp
TEMP=C:\Users\shrey\AppData\Local\Temp



---------------  S Y S T E M  ---------------

OS:
 Windows 10 , 64 bit Build 19041 (10.0.19041.2913)
OS uptime: 1 days 13:58 hours

CPU: total 4 (initial active 4) (2 cores per cpu, 2 threads per core) family 6 model 61 stepping 4 microcode 0x2f, cx8, cmov, fxsr, ht, mmx, 3dnowpref, sse, sse2, sse3, ssse3, sse4.1, sse4.2, popcnt, lzcnt, tsc, tscinvbit, avx, avx2, aes, erms, clmul, bmi1, bmi2, adx, fma, vzeroupper, clflush

Memory: 4k page, system-wide physical 16253M (9859M free)
TotalPageFile size 18685M (AvailPageFile size 12349M)
current process WorkingSet (physical memory assigned to process): 389M, peak: 442M
current process commit charge ("private bytes"): 405M, peak: 459M

vm_info: OpenJDK 64-Bit Server VM (17.0.7+7) for windows-amd64 JRE (17.0.7+7), built on Apr 18 2023 22:10:42 by "temurin" with MS VC++ 16.7 (VS2019)

END.
